<?xml version="1.0" encoding="UTF-8"?>
<!-- Generated by org.testng.reporters.JUnitXMLReporter -->
<testsuite hostname="rockygupta" ignored="1" name="Default test" tests="1" failures="0" timestamp="28 Sep 2019 09:51:25 GMT" time="25.92" errors="0">
  <testcase name="AddingNewMovie" time="17.109" classname="com.qa.pages.LoginPageTest"/>
  <testcase name="LoginTestDriven" time="0.0" classname="com.qa.pages.LoginPageTest">
    <ignored/>
  </testcase> <!-- LoginTestDriven -->
</testsuite> <!-- Default test -->
