<?xml version="1.0" encoding="UTF-8"?>
<testng-results skipped="0" failed="0" ignored="0" total="1" passed="1">
  <reporter-output>
  </reporter-output>
  <suite name="Default suite" duration-ms="11903" started-at="2019-09-28T08:02:39Z" finished-at="2019-09-28T08:02:51Z">
    <groups>
    </groups>
    <test name="Default test" duration-ms="11903" started-at="2019-09-28T08:02:39Z" finished-at="2019-09-28T08:02:51Z">
      <class name="com.qa.pages.LoginPageTest">
        <test-method status="PASS" signature="setUp()[pri:0, instance:com.qa.pages.LoginPageTest@754ba872]" name="setUp" is-config="true" duration-ms="6505" started-at="2019-09-28T08:02:39Z" finished-at="2019-09-28T08:02:46Z">
          <reporter-output>
          </reporter-output>
        </test-method> <!-- setUp -->
        <test-method status="PASS" signature="AddingNewMovie()[pri:1, instance:com.qa.pages.LoginPageTest@754ba872]" name="AddingNewMovie" duration-ms="5359" started-at="2019-09-28T08:02:46Z" finished-at="2019-09-28T08:02:51Z">
          <reporter-output>
          </reporter-output>
        </test-method> <!-- AddingNewMovie -->
        <test-method status="PASS" signature="tearDown()[pri:0, instance:com.qa.pages.LoginPageTest@754ba872]" name="tearDown" is-config="true" duration-ms="1" started-at="2019-09-28T08:02:51Z" finished-at="2019-09-28T08:02:51Z">
          <reporter-output>
          </reporter-output>
        </test-method> <!-- tearDown -->
      </class> <!-- com.qa.pages.LoginPageTest -->
    </test> <!-- Default test -->
  </suite> <!-- Default suite -->
</testng-results>
