<?xml version="1.0" encoding="UTF-8"?>
<testng-results skipped="0" failed="0" ignored="0" total="2" passed="2">
  <reporter-output>
  </reporter-output>
  <suite name="TestSuite" duration-ms="28781" started-at="2019-09-28T10:31:31Z" finished-at="2019-09-28T10:32:00Z">
    <groups>
    </groups>
    <test name="Test" duration-ms="28781" started-at="2019-09-28T10:31:31Z" finished-at="2019-09-28T10:32:00Z">
      <class name="com.qa.pages.ParallelExecution">
        <test-method status="PASS" signature="AddingNewMovie()[pri:0, instance:com.qa.pages.ParallelExecution@6d4b1c02]" name="AddingNewMovie" duration-ms="12103" started-at="2019-09-28T10:31:31Z" finished-at="2019-09-28T10:31:43Z">
          <reporter-output>
          </reporter-output>
        </test-method> <!-- AddingNewMovie -->
        <test-method status="PASS" signature="VerifyMovies()[pri:0, instance:com.qa.pages.ParallelExecution@6d4b1c02]" name="VerifyMovies" duration-ms="16641" started-at="2019-09-28T10:31:43Z" depends-on-methods="com.qa.pages.ParallelExecution.AddingNewMovie" finished-at="2019-09-28T10:32:00Z">
          <reporter-output>
          </reporter-output>
        </test-method> <!-- VerifyMovies -->
      </class> <!-- com.qa.pages.ParallelExecution -->
    </test> <!-- Test -->
  </suite> <!-- TestSuite -->
</testng-results>
